<?xml version="1.0" encoding="UTF-8"?>
<testsuite xmlns:xsi="http://www.w3.org/2001/XMLSchema-instance" xsi:noNamespaceSchemaLocation="https://maven.apache.org/surefire/maven-surefire-plugin/xsd/surefire-test-report.xsd" name="com.techelevator.dao.JdbcUserDaoTests" time="1.803" tests="13" errors="0" skipped="0" failures="0">
  <properties>
[...]
</properties>
  <testcase name="getUserById_given_valid_user_id_returns_user" classname="com.techelevator.dao.JdbcUserDaoTests" time="0.367"/>
  <testcase name="create_user_with_existing_username" classname="com.techelevator.dao.JdbcUserDaoTests" time="0.346"/>
  <testcase name="create_user_with_null_password" classname="com.techelevator.dao.JdbcUserDaoTests" time="0.02"/>
  <testcase name="findIdByUsername_given_null_throws_exception" classname="com.techelevator.dao.JdbcUserDaoTests" time="0.035"/>
  <testcase name="findAll_returns_all_users" classname="com.techelevator.dao.JdbcUserDaoTests" time="0.018"/>
  <testcase name="findIdByUsername_given_valid_user_returns_user_id" classname="com.techelevator.dao.JdbcUserDaoTests" time="0.025"/>
  <testcase name="findIdByUsername_given_invalid_username_throws_exception" classname="com.techelevator.dao.JdbcUserDaoTests" time="0.013"/>
  <testcase name="create_user_creates_a_user" classname="com.techelevator.dao.JdbcUserDaoTests" time="0.013"/>
  <testcase name="findByUsername_given_invalid_username_throws_exception" classname="com.techelevator.dao.JdbcUserDaoTests" time="0.028"/>
  <testcase name="getUserById_given_invalid_user_id_returns_null" classname="com.techelevator.dao.JdbcUserDaoTests" time="0.027"/>
  <testcase name="findByUsername_given_valid_user_returns_user" classname="com.techelevator.dao.JdbcUserDaoTests" time="0.026"/>
  <testcase name="findByUsername_given_null_throws_exception" classname="com.techelevator.dao.JdbcUserDaoTests" time="0.018"/>
  <testcase name="create_user_with_null_username" classname="com.techelevator.dao.JdbcUserDaoTests" time="0.012"/>
</testsuite>